<?xml version="1.0" encoding="UTF-8"?>
<!-- Generated by org.testng.reporters.JUnitReportReporter -->
<testsuite hostname="Admin" name="Runner.Runcuke" tests="2" failures="0" timestamp="7 Dec 2020 04:32:42 GMT" time="67.383" errors="0">
  <testcase name="feature" time="35.852" classname="Runner.Runcuke"/>
  <testcase name="feature" time="31.531" classname="Runner.Runcuke"/>
</testsuite> <!-- Runner.Runcuke -->
