<?xml version="1.0" encoding="UTF-8"?>
<!-- Generated by org.testng.reporters.JUnitReportReporter -->
<testsuite hostname="Admin" name="Runner.Runcuke" tests="1" failures="0" timestamp="22 Dec 2020 01:01:20 GMT" time="50.641" errors="0">
  <testcase name="feature" time="50.641" classname="Runner.Runcuke"/>
</testsuite> <!-- Runner.Runcuke -->
